-------------------------------------------------------------------------------
Test set: com.example.demo.ApplicationTests
-------------------------------------------------------------------------------
Tests run: 1, Failures: 0, Errors: 1, Skipped: 0, Time elapsed: 0.337 s <<< FAILURE! - in com.example.demo.ApplicationTests
com.example.demo.ApplicationTests  Time elapsed: 0.336 s  <<< ERROR!
java.lang.IllegalStateException: Unable to find a @SpringBootConfiguration, you need to use @ContextConfiguration or @SpringBootTest(classes=...) with your test

